Copyright 1986-2021 Xilinx, Inc. All Rights Reserved.
----------------------------------------------------------------------------------------------------
| Tool Version : Vivado v.2021.1 (win64) Build 3247384 Thu Jun 10 19:36:33 MDT 2021
| Date         : Sat Aug  7 15:11:32 2021
| Host         : LAPTOP-8DNNU5PI running 64-bit major release  (build 9200)
| Command      : upgrade_project -migrate_output_products
| Project_Path : D:/×ÊÁÏ/lab/CPU_CDE/mycpu_verify/run_vivado/mycpu_prj1/mycpu_prj1.xpr
----------------------------------------------------------------------------------------------------

Project Status Summary

1. Project IP Status
--------------------
This project contains 3 IP and 0 Block Designs.


1.1 Project IP Instances
+----------+-------------------------+-------------------------------------+-------------------------------------+
| Instance | Status                  | Reason                              | Recommendation                      |
| Name     |                         |                                     |                                     |
+----------+-------------------------+-------------------------------------+-------------------------------------+
| inst_ram | Remote Source.          | IP is remote.                       | Migration not required.             |
+----------+-------------------------+-------------------------------------+-------------------------------------+
| data_ram | Remote Source.          | IP is remote.                       | Migration not required.             |
+----------+-------------------------+-------------------------------------+-------------------------------------+
| clk_pll  | Remote Source.          | IP is remote.                       | Migration not required.             |
+----------+-------------------------+-------------------------------------+-------------------------------------+



