Time resolution is 1 ps
 Block Memory Generator module loading initial data...
 Block Memory Generator data initialization complete.
Block Memory Generator module tb_top.soc_lite.inst_ram.inst.\native_mem_module.blk_mem_gen_v8_4_4_inst  is using a behavioral model for simulation which will not precisely model memory collision behavior.
Block Memory Generator module tb_top.soc_lite.data_ram.inst.\native_mem_module.blk_mem_gen_v8_4_4_inst  is using a behavioral model for simulation which will not precisely model memory collision behavior.
==============================================================
Test begin!
----[  14045 ns] Number 8'd01 Functional Test Point PASS!!!
        [  22000 ns] Test is running, debug_wb_pc = 0xbfc941e8
        [  32000 ns] Test is running, debug_wb_pc = 0xbfc95188
----[  41495 ns] Number 8'd02 Functional Test Point PASS!!!
        [  42000 ns] Test is running, debug_wb_pc = 0xbfc2f114
        [  52000 ns] Test is running, debug_wb_pc = 0xbfc300b4
        [  62000 ns] Test is running, debug_wb_pc = 0xbfc31054
----[  62925 ns] Number 8'd03 Functional Test Point PASS!!!
        [  72000 ns] Test is running, debug_wb_pc = 0xbfc35ba8
        [  82000 ns] Test is running, debug_wb_pc = 0xbfc36b48
----[  90375 ns] Number 8'd04 Functional Test Point PASS!!!
        [  92000 ns] Test is running, debug_wb_pc = 0xbfc77374
        [ 102000 ns] Test is running, debug_wb_pc = 0xbfc78314
        [ 112000 ns] Test is running, debug_wb_pc = 0xbfc792b4
----[ 117825 ns] Number 8'd05 Functional Test Point PASS!!!
        [ 122000 ns] Test is running, debug_wb_pc = 0xbfc9bf00
        [ 132000 ns] Test is running, debug_wb_pc = 0xbfc9cea0
        [ 142000 ns] Test is running, debug_wb_pc = 0xbfc9de40
----[ 145275 ns] Number 8'd06 Functional Test Point PASS!!!
        [ 152000 ns] Test is running, debug_wb_pc = 0xbfc7a5ec
        [ 162000 ns] Test is running, debug_wb_pc = 0xbfc7b58c
        [ 172000 ns] Test is running, debug_wb_pc = 0xbfc7c52c
----[ 172725 ns] Number 8'd07 Functional Test Point PASS!!!
        [ 182000 ns] Test is running, debug_wb_pc = 0xbfc18e28
        [ 192000 ns] Test is running, debug_wb_pc = 0xbfc19dc8
----[ 200175 ns] Number 8'd08 Functional Test Point PASS!!!
        [ 202000 ns] Test is running, debug_wb_pc = 0xbfc00b44
        [ 212000 ns] Test is running, debug_wb_pc = 0xbfc01ae4
        [ 222000 ns] Test is running, debug_wb_pc = 0xbfc02a84
----[ 227625 ns] Number 8'd09 Functional Test Point PASS!!!
        [ 232000 ns] Test is running, debug_wb_pc = 0xbfc911d0
        [ 242000 ns] Test is running, debug_wb_pc = 0xbfc92170
        [ 252000 ns] Test is running, debug_wb_pc = 0xbfc93110
----[ 255075 ns] Number 8'd10 Functional Test Point PASS!!!
        [ 262000 ns] Test is running, debug_wb_pc = 0xbfc9edcc
        [ 272000 ns] Test is running, debug_wb_pc = 0xbfc9fd6c
----[ 276505 ns] Number 8'd11 Functional Test Point PASS!!!
        [ 282000 ns] Test is running, debug_wb_pc = 0xbfc75860
        [ 292000 ns] Test is running, debug_wb_pc = 0xbfc76800
----[ 297935 ns] Number 8'd12 Functional Test Point PASS!!!
        [ 302000 ns] Test is running, debug_wb_pc = 0xbfc4e094
        [ 312000 ns] Test is running, debug_wb_pc = 0xbfc4f034
----[ 319365 ns] Number 8'd13 Functional Test Point PASS!!!
        [ 322000 ns] Test is running, debug_wb_pc = 0xbfc70d28
----[ 330605 ns] Number 8'd14 Functional Test Point PASS!!!
        [ 332000 ns] Test is running, debug_wb_pc = 0xbfc6ca78
        [ 342000 ns] Test is running, debug_wb_pc = 0xbfc6da18
----[ 342695 ns] Number 8'd15 Functional Test Point PASS!!!
        [ 352000 ns] Test is running, debug_wb_pc = 0xbfc23b6c
        [ 362000 ns] Test is running, debug_wb_pc = 0xbfc252dc
        [ 372000 ns] Test is running, debug_wb_pc = 0xbfc266a4
        [ 382000 ns] Test is running, debug_wb_pc = 0xbfc27a4c
        [ 392000 ns] Test is running, debug_wb_pc = 0xbfc28fcc
        [ 402000 ns] Test is running, debug_wb_pc = 0xbfc2a73c
----[ 407295 ns] Number 8'd16 Functional Test Point PASS!!!
        [ 412000 ns] Test is running, debug_wb_pc = 0xbfc38120
        [ 422000 ns] Test is running, debug_wb_pc = 0xbfc39494
        [ 432000 ns] Test is running, debug_wb_pc = 0xbfc3a844
        [ 442000 ns] Test is running, debug_wb_pc = 0xbfc3bfb4
        [ 452000 ns] Test is running, debug_wb_pc = 0xbfc3d704
        [ 462000 ns] Test is running, debug_wb_pc = 0xbfc3ea98
        [ 472000 ns] Test is running, debug_wb_pc = 0xbfc3fe0c
----[ 475855 ns] Number 8'd17 Functional Test Point PASS!!!
        [ 482000 ns] Test is running, debug_wb_pc = 0xbfc03e7c
        [ 492000 ns] Test is running, debug_wb_pc = 0xbfc0517c
        [ 502000 ns] Test is running, debug_wb_pc = 0xbfc06484
        [ 512000 ns] Test is running, debug_wb_pc = 0xbfc07764
        [ 522000 ns] Test is running, debug_wb_pc = 0xbfc08a64
        [ 532000 ns] Test is running, debug_wb_pc = 0xbfc09d40
----[ 532215 ns] Number 8'd18 Functional Test Point PASS!!!
        [ 542000 ns] Test is running, debug_wb_pc = 0xbfc572f4
        [ 552000 ns] Test is running, debug_wb_pc = 0xbfc5868c
        [ 562000 ns] Test is running, debug_wb_pc = 0xbfc59a1c
        [ 572000 ns] Test is running, debug_wb_pc = 0xbfc5ad8c
----[ 580575 ns] Number 8'd19 Functional Test Point PASS!!!
        [ 582000 ns] Test is running, debug_wb_pc = 0xbfc5d424
----[ 582455 ns] Number 8'd20 Functional Test Point PASS!!!
----[ 584335 ns] Number 8'd21 Functional Test Point PASS!!!
----[ 585745 ns] Number 8'd22 Functional Test Point PASS!!!
----[ 587165 ns] Number 8'd23 Functional Test Point PASS!!!
        [ 592000 ns] Test is running, debug_wb_pc = 0xbfc73408
        [ 602000 ns] Test is running, debug_wb_pc = 0xbfc743a8
----[ 610025 ns] Number 8'd24 Functional Test Point PASS!!!
        [ 612000 ns] Test is running, debug_wb_pc = 0xbfc54200
        [ 622000 ns] Test is running, debug_wb_pc = 0xbfc551a0
----[ 631455 ns] Number 8'd25 Functional Test Point PASS!!!
        [ 632000 ns] Test is running, debug_wb_pc = 0xbfc4fc34
        [ 642000 ns] Test is running, debug_wb_pc = 0xbfc50bd4
        [ 652000 ns] Test is running, debug_wb_pc = 0xbfc51b74
----[ 653865 ns] Number 8'd26 Functional Test Point PASS!!!
        [ 662000 ns] Test is running, debug_wb_pc = 0xbfc6e780
        [ 672000 ns] Test is running, debug_wb_pc = 0xbfc6f720
----[ 675295 ns] Number 8'd27 Functional Test Point PASS!!!
        [ 682000 ns] Test is running, debug_wb_pc = 0xbfc4b514
        [ 692000 ns] Test is running, debug_wb_pc = 0xbfc4c4b4
----[ 696725 ns] Number 8'd28 Functional Test Point PASS!!!
        [ 702000 ns] Test is running, debug_wb_pc = 0xbfc81408
        [ 712000 ns] Test is running, debug_wb_pc = 0xbfc823a8
----[ 718155 ns] Number 8'd29 Functional Test Point PASS!!!
        [ 722000 ns] Test is running, debug_wb_pc = 0xbfc7cbec
        [ 732000 ns] Test is running, debug_wb_pc = 0xbfc7db8c
----[ 739585 ns] Number 8'd30 Functional Test Point PASS!!!
        [ 742000 ns] Test is running, debug_wb_pc = 0xbfc48d40
        [ 752000 ns] Test is running, debug_wb_pc = 0xbfc49ce0
----[ 761015 ns] Number 8'd31 Functional Test Point PASS!!!
        [ 762000 ns] Test is running, debug_wb_pc = 0xbfca05a4
        [ 772000 ns] Test is running, debug_wb_pc = 0xbfca1544
        [ 782000 ns] Test is running, debug_wb_pc = 0xbfca24e4
----[ 788465 ns] Number 8'd32 Functional Test Point PASS!!!
        [ 792000 ns] Test is running, debug_wb_pc = 0xbfc200e0
        [ 802000 ns] Test is running, debug_wb_pc = 0xbfc21080
        [ 812000 ns] Test is running, debug_wb_pc = 0xbfc22020
----[ 815915 ns] Number 8'd33 Functional Test Point PASS!!!
        [ 822000 ns] Test is running, debug_wb_pc = 0xbfc15eac
        [ 832000 ns] Test is running, debug_wb_pc = 0xbfc16e4c
        [ 842000 ns] Test is running, debug_wb_pc = 0xbfc17dec
----[ 843365 ns] Number 8'd34 Functional Test Point PASS!!!
        [ 852000 ns] Test is running, debug_wb_pc = 0xbfc46058
        [ 862000 ns] Test is running, debug_wb_pc = 0xbfc4648c
        [ 872000 ns] Test is running, debug_wb_pc = 0xbfc468b4
        [ 882000 ns] Test is running, debug_wb_pc = 0xbfc46cdc
        [ 892000 ns] Test is running, debug_wb_pc = 0xbfc47120
        [ 902000 ns] Test is running, debug_wb_pc = 0xbfc47564
----[ 907115 ns] Number 8'd35 Functional Test Point PASS!!!
        [ 912000 ns] Test is running, debug_wb_pc = 0xbfc2cbec
        [ 922000 ns] Test is running, debug_wb_pc = 0xbfc2d04c
        [ 932000 ns] Test is running, debug_wb_pc = 0xbfc2d4ac
        [ 942000 ns] Test is running, debug_wb_pc = 0xbfc2d90c
        [ 952000 ns] Test is running, debug_wb_pc = 0xbfc2dd6c
        [ 962000 ns] Test is running, debug_wb_pc = 0xbfc2e1cc
        [ 972000 ns] Test is running, debug_wb_pc = 0xbfc2e62c
        [ 982000 ns] Test is running, debug_wb_pc = 0xbfc2ea8c
        [ 992000 ns] Test is running, debug_wb_pc = 0xbfc2eeec
----[ 996345 ns] Number 8'd36 Functional Test Point PASS!!!
        [1002000 ns] Test is running, debug_wb_pc = 0xbfc85960
        [1012000 ns] Test is running, debug_wb_pc = 0xbfc86900
----[1019895 ns] Number 8'd37 Functional Test Point PASS!!!
        [1022000 ns] Test is running, debug_wb_pc = 0xbfc52144
        [1032000 ns] Test is running, debug_wb_pc = 0xbfc530e4
----[1041205 ns] Number 8'd38 Functional Test Point PASS!!!
        [1042000 ns] Test is running, debug_wb_pc = 0xbfc4ccf8
----[1050745 ns] Number 8'd39 Functional Test Point PASS!!!
        [1052000 ns] Test is running, debug_wb_pc = 0xbfc83c60
----[1060265 ns] Number 8'd40 Functional Test Point PASS!!!
        [1062000 ns] Test is running, debug_wb_pc = 0xbfc82fa0
----[1069165 ns] Number 8'd41 Functional Test Point PASS!!!
        [1072000 ns] Test is running, debug_wb_pc = 0xbfc71ea8
----[1074305 ns] Number 8'd42 Functional Test Point PASS!!!
        [1082000 ns] Test is running, debug_wb_pc = 0xbfc97eb8
        [1092000 ns] Test is running, debug_wb_pc = 0xbfc99308
----[1098865 ns] Number 8'd43 Functional Test Point PASS!!!
        [1102000 ns] Test is running, debug_wb_pc = 0xbfc60464
        [1112000 ns] Test is running, debug_wb_pc = 0xbfc61a64
        [1122000 ns] Test is running, debug_wb_pc = 0xbfc630b8
        [1132000 ns] Test is running, debug_wb_pc = 0xbfc6471c
----[1137075 ns] Number 8'd44 Functional Test Point PASS!!!
        [1142000 ns] Test is running, debug_wb_pc = 0xbfc896ac
        [1152000 ns] Test is running, debug_wb_pc = 0xbfc8ad30
        [1162000 ns] Test is running, debug_wb_pc = 0xbfc8c35c
        [1172000 ns] Test is running, debug_wb_pc = 0xbfc8da34
----[1175045 ns] Number 8'd45 Functional Test Point PASS!!!
        [1182000 ns] Test is running, debug_wb_pc = 0xbfc0ace8
        [1192000 ns] Test is running, debug_wb_pc = 0xbfc0c314
        [1202000 ns] Test is running, debug_wb_pc = 0xbfc0d96c
        [1212000 ns] Test is running, debug_wb_pc = 0xbfc0f00c
----[1213255 ns] Number 8'd46 Functional Test Point PASS!!!
        [1222000 ns] Test is running, debug_wb_pc = 0xbfc32284
        [1232000 ns] Test is running, debug_wb_pc = 0xbfc33744
        [1242000 ns] Test is running, debug_wb_pc = 0xbfc34bd4
----[1242945 ns] Number 8'd47 Functional Test Point PASS!!!
        [1252000 ns] Test is running, debug_wb_pc = 0xbfc416e8
        [1262000 ns] Test is running, debug_wb_pc = 0xbfc42aa0
        [1272000 ns] Test is running, debug_wb_pc = 0xbfc43e3c
        [1282000 ns] Test is running, debug_wb_pc = 0xbfc45254
----[1287205 ns] Number 8'd48 Functional Test Point PASS!!!
        [1292000 ns] Test is running, debug_wb_pc = 0xbfc0fbc4
        [1302000 ns] Test is running, debug_wb_pc = 0xbfc10fc8
        [1312000 ns] Test is running, debug_wb_pc = 0xbfc1239c
        [1322000 ns] Test is running, debug_wb_pc = 0xbfc13748
        [1332000 ns] Test is running, debug_wb_pc = 0xbfc14b10
----[1333495 ns] Number 8'd49 Functional Test Point PASS!!!
        [1342000 ns] Test is running, debug_wb_pc = 0xbfc660e4
        [1352000 ns] Test is running, debug_wb_pc = 0xbfc67244
        [1362000 ns] Test is running, debug_wb_pc = 0xbfc6838c
        [1372000 ns] Test is running, debug_wb_pc = 0xbfc694f4
        [1382000 ns] Test is running, debug_wb_pc = 0xbfc6a654
----[1384255 ns] Number 8'd50 Functional Test Point PASS!!!
----[1385925 ns] Number 8'd51 Functional Test Point PASS!!!
        [1392000 ns] Test is running, debug_wb_pc = 0xbfc966ec
----[1392055 ns] Number 8'd52 Functional Test Point PASS!!!
----[1398835 ns] Number 8'd53 Functional Test Point PASS!!!
        [1402000 ns] Test is running, debug_wb_pc = 0xbfc7019c
----[1405275 ns] Number 8'd54 Functional Test Point PASS!!!
        [1412000 ns] Test is running, debug_wb_pc = 0xbfc1557c
----[1412055 ns] Number 8'd55 Functional Test Point PASS!!!
----[1419465 ns] Number 8'd56 Functional Test Point PASS!!!
        [1422000 ns] Test is running, debug_wb_pc = 0xbfc7295c
----[1426225 ns] Number 8'd57 Functional Test Point PASS!!!
----[1431185 ns] Number 8'd58 Functional Test Point PASS!!!
        [1432000 ns] Test is running, debug_wb_pc = 0xbfc5d82c
        [1442000 ns] Test is running, debug_wb_pc = 0xbfc5e740
        [1452000 ns] Test is running, debug_wb_pc = 0xbfc5f680
----[1456895 ns] Number 8'd59 Functional Test Point PASS!!!
        [1462000 ns] Test is running, debug_wb_pc = 0xbfc1d9b0
        [1472000 ns] Test is running, debug_wb_pc = 0xbfc1e8cc
        [1482000 ns] Test is running, debug_wb_pc = 0xbfc1f810
----[1484485 ns] Number 8'd60 Functional Test Point PASS!!!
        [1492000 ns] Test is running, debug_wb_pc = 0xbfc6b554
        [1502000 ns] Test is running, debug_wb_pc = 0xbfc6c4a4
----[1504745 ns] Number 8'd61 Functional Test Point PASS!!!
        [1512000 ns] Test is running, debug_wb_pc = 0xbfc7f1f0
        [1522000 ns] Test is running, debug_wb_pc = 0xbfc80128
----[1527895 ns] Number 8'd62 Functional Test Point PASS!!!
        [1532000 ns] Test is running, debug_wb_pc = 0xbfc5c440
----[1540985 ns] Number 8'd63 Functional Test Point PASS!!!
        [1542000 ns] Test is running, debug_wb_pc = 0xbfc9a220
        [1552000 ns] Test is running, debug_wb_pc = 0xbfc9b170
----[1554855 ns] Number 8'd64 Functional Test Point PASS!!!
        [1562000 ns] Test is running, debug_wb_pc = 0xbfc8eb08
        [1572000 ns] Test is running, debug_wb_pc = 0xbfc8fa1c
        [1582000 ns] Test is running, debug_wb_pc = 0xbfc908b8
----[1583855 ns] Number 8'd65 Functional Test Point PASS!!!
        [1592000 ns] Test is running, debug_wb_pc = 0xbfc1b618
        [1602000 ns] Test is running, debug_wb_pc = 0xbfc1c52c
----[1611075 ns] Number 8'd66 Functional Test Point PASS!!!
        [1612000 ns] Test is running, debug_wb_pc = 0xbfc87664
        [1622000 ns] Test is running, debug_wb_pc = 0xbfc885bc
----[1626495 ns] Number 8'd67 Functional Test Point PASS!!!
        [1632000 ns] Test is running, debug_wb_pc = 0xbfc2bb54
----[1641495 ns] Number 8'd68 Functional Test Point PASS!!!
==============================================================
Test end!
----PASS!!!
$finish called at time : 1641955 ns : File "D:/Programs/vivado/CPU_CDE/mycpu_verify/testbench/mycpu_tb.v" Line 267
